<?xml version="1.0" encoding="UTF-8"?>
<!-- Generated by org.testng.reporters.JUnitReportReporter -->
<testsuite hostname="Sakteswars-MacBook-Air.local" failures="0" tests="3" name="com.shakti.selenium.test.ECommercialAppTest" time="31.608" errors="0" timestamp="2024-03-25T11:16:44 IST" skipped="0">
  <testcase classname="com.shakti.selenium.test.ECommercialAppTest" name="orderHistory" time="5.887"/>
  <testcase classname="com.shakti.selenium.test.ECommercialAppTest" name="submitOrder" time="8.262"/>
  <testcase classname="com.shakti.selenium.test.ECommercialAppTest" name="submitOrder" time="17.459"/>
</testsuite> <!-- com.shakti.selenium.test.ECommercialAppTest -->
